2017-04-25 16:29:31,861 DEBUG org.apache.ibatis.logging.LogFactory (setImplementation:135) [RMI TCP Connection(2)-127.0.0.1] - Logging initialized using 'class org.apache.ibatis.logging.log4j.Log4jImpl' adapter.
2017-04-25 16:29:33,791 INFO  com.kovka.web.util.Initializer (contextInitialized:55) [RMI TCP Connection(2)-127.0.0.1] - -- start application -- 
2017-04-25 16:29:33,794 INFO  com.kovka.web.util.Initializer (contextInitialized:69) [RMI TCP Connection(2)-127.0.0.1] - **************************************************************************************************
2017-04-25 16:29:33,795 INFO  com.kovka.web.util.Initializer (contextInitialized:70) [RMI TCP Connection(2)-127.0.0.1] - contextPath=>D:\Serozh\workspace\git\Kovka\target\Kovka-1.0-SNAPSHOT\
2017-04-25 16:29:33,796 INFO  com.kovka.web.util.Initializer (contextInitialized:71) [RMI TCP Connection(2)-127.0.0.1] - **************************************************************************************************
2017-04-25 16:29:33,800 INFO  com.kovka.web.util.Initializer (contextInitialized:86) [RMI TCP Connection(2)-127.0.0.1] - Application 1.0 intitilize params [imagePath:D:\Serozh\workspace\git\Kovka\target\Kovka-1.0-SNAPSHOT\]
2017-04-25 16:29:33,801 INFO  com.kovka.web.util.Initializer (initFolders:161) [RMI TCP Connection(2)-127.0.0.1] - D:\Serozh\workspace\git\Kovka\target\Kovka-1.0-SNAPSHOT\ folder already exist
2017-04-25 16:29:33,802 INFO  com.kovka.web.util.Initializer (initFolders:161) [RMI TCP Connection(2)-127.0.0.1] - D:\Serozh\workspace\git\Kovka\target\Kovka-1.0-SNAPSHOT\\data folder already exist
2017-04-25 16:29:33,804 INFO  com.kovka.web.util.Initializer (initFolders:161) [RMI TCP Connection(2)-127.0.0.1] - D:\Serozh\workspace\git\Kovka\target\Kovka-1.0-SNAPSHOT\\data\sketch folder already exist
2017-04-25 16:29:33,805 INFO  com.kovka.web.util.Initializer (initFolders:161) [RMI TCP Connection(2)-127.0.0.1] - D:\Serozh\workspace\git\Kovka\target\Kovka-1.0-SNAPSHOT\\data\product folder already exist
2017-04-25 16:29:34,578 DEBUG org.apache.ibatis.logging.LogFactory (setImplementation:135) [RMI TCP Connection(2)-127.0.0.1] - Logging initialized using 'class org.apache.ibatis.logging.log4j.Log4jImpl' adapter.
2017-04-25 16:29:34,968 DEBUG org.mybatis.spring.SqlSessionUtils (getSqlSession:109) [RMI TCP Connection(2)-127.0.0.1] - Creating a new SqlSession
2017-04-25 16:29:34,983 DEBUG org.mybatis.spring.SqlSessionUtils (getSqlSession:125) [RMI TCP Connection(2)-127.0.0.1] - Registering transaction synchronization for SqlSession [org.apache.ibatis.session.defaults.DefaultSqlSession@31c2f9bc]
2017-04-25 16:29:35,061 DEBUG org.mybatis.spring.transaction.SpringManagedTransaction (openConnection:88) [RMI TCP Connection(2)-127.0.0.1] - JDBC Connection [jdbc:mysql://localhost:3306/kovka?useUnicode=yes&autoReconnect=true&characterEncoding=UTF8, UserName=root@localhost, MySQL-AB JDBC Driver] will be managed by Spring
2017-04-25 16:29:35,072 DEBUG org.apache.ibatis.logging.jdbc.BaseJdbcLogger (debug:142) [RMI TCP Connection(2)-127.0.0.1] - ==>  Preparing: SELECT * FROM a_user 
2017-04-25 16:29:35,172 DEBUG org.apache.ibatis.logging.jdbc.BaseJdbcLogger (debug:142) [RMI TCP Connection(2)-127.0.0.1] - ==> Parameters: 
2017-04-25 16:29:35,321 DEBUG org.apache.ibatis.logging.jdbc.BaseJdbcLogger (debug:142) [RMI TCP Connection(2)-127.0.0.1] - <==      Total: 1
2017-04-25 16:29:35,323 DEBUG org.mybatis.spring.SqlSessionUtils (closeSqlSession:168) [RMI TCP Connection(2)-127.0.0.1] - Releasing transactional SqlSession [org.apache.ibatis.session.defaults.DefaultSqlSession@31c2f9bc]
2017-04-25 16:29:35,324 DEBUG org.mybatis.spring.SqlSessionUtils$SqlSessionSynchronization (afterCompletion:280) [RMI TCP Connection(2)-127.0.0.1] - Transaction synchronization committing SqlSession [org.apache.ibatis.session.defaults.DefaultSqlSession@31c2f9bc]
2017-04-25 16:29:35,325 DEBUG org.mybatis.spring.SqlSessionUtils$SqlSessionSynchronization (afterCompletion:301) [RMI TCP Connection(2)-127.0.0.1] - Transaction synchronization closing SqlSession [org.apache.ibatis.session.defaults.DefaultSqlSession@31c2f9bc]
2017-04-25 16:29:35,328 INFO  com.kovka.web.util.Initializer (contextInitialized:98) [RMI TCP Connection(2)-127.0.0.1] - -- application started -- 
2017-04-25 16:29:37,977 DEBUG freemarker.log._Log4jLoggerFactory$Log4jLogger (debug:45) [RMI TCP Connection(2)-127.0.0.1] - Couldn't find template in cache for "org/apache/struts2/dispatcher/error.ftl"("ru_RU", UTF-8, parsed); will try to load it.
2017-04-25 16:29:37,982 DEBUG freemarker.log._Log4jLoggerFactory$Log4jLogger (debug:45) [RMI TCP Connection(2)-127.0.0.1] - TemplateLoader.findTemplateSource("org/apache/struts2/dispatcher/error.ftl"): Found
2017-04-25 16:29:37,985 DEBUG freemarker.log._Log4jLoggerFactory$Log4jLogger (debug:45) [RMI TCP Connection(2)-127.0.0.1] - Loading template for "org/apache/struts2/dispatcher/error.ftl"("ru_RU", UTF-8, parsed) from "jar:file:/D:/Serozh/workspace/git/Kovka/target/Kovka-1.0-SNAPSHOT/WEB-INF/lib/struts2-core-2.5.2.jar!/org/apache/struts2/dispatcher/error.ftl"
2017-04-25 16:29:52,054 DEBUG org.mybatis.spring.SqlSessionUtils (getSqlSession:109) [http-bio-8787-exec-5] - Creating a new SqlSession
2017-04-25 16:29:52,056 DEBUG org.mybatis.spring.SqlSessionUtils (getSqlSession:125) [http-bio-8787-exec-5] - Registering transaction synchronization for SqlSession [org.apache.ibatis.session.defaults.DefaultSqlSession@6c3de9de]
2017-04-25 16:29:52,106 DEBUG org.mybatis.spring.transaction.SpringManagedTransaction (openConnection:88) [http-bio-8787-exec-5] - JDBC Connection [jdbc:mysql://localhost:3306/kovka?useUnicode=yes&autoReconnect=true&characterEncoding=UTF8, UserName=root@localhost, MySQL-AB JDBC Driver] will be managed by Spring
2017-04-25 16:29:52,107 DEBUG org.apache.ibatis.logging.jdbc.BaseJdbcLogger (debug:142) [http-bio-8787-exec-5] - ==>  Preparing: SELECT s.*, si.`id` `info_id`, si.`sketch_id` `sketch_id`, si.`lang` `lang`, si.`name` `name`, si.`short_desc` `short_desc`, si.`title` `title`, si.`description` `description` FROM sketch s, sketch_info si WHERE si.sketch_id = s.id 
2017-04-25 16:29:52,107 DEBUG org.apache.ibatis.logging.jdbc.BaseJdbcLogger (debug:142) [http-bio-8787-exec-5] - ==> Parameters: 
2017-04-25 16:29:52,566 DEBUG org.apache.ibatis.logging.jdbc.BaseJdbcLogger (debug:142) [http-bio-8787-exec-5] - ====>  Preparing: SELECT * FROM f_data WHERE id = ? 
2017-04-25 16:29:52,567 DEBUG org.apache.ibatis.logging.jdbc.BaseJdbcLogger (debug:142) [http-bio-8787-exec-5] - ====> Parameters: 1(Long)
2017-04-25 16:29:52,691 DEBUG org.apache.ibatis.logging.jdbc.BaseJdbcLogger (debug:142) [http-bio-8787-exec-5] - <====      Total: 1
2017-04-25 16:29:52,698 DEBUG org.apache.ibatis.logging.jdbc.BaseJdbcLogger (debug:142) [http-bio-8787-exec-5] - ====>  Preparing: SELECT * FROM f_data WHERE id = ? 
2017-04-25 16:29:52,699 DEBUG org.apache.ibatis.logging.jdbc.BaseJdbcLogger (debug:142) [http-bio-8787-exec-5] - ====> Parameters: 11(Long)
2017-04-25 16:29:52,701 DEBUG org.apache.ibatis.logging.jdbc.BaseJdbcLogger (debug:142) [http-bio-8787-exec-5] - <====      Total: 1
2017-04-25 16:29:52,706 DEBUG org.apache.ibatis.logging.jdbc.BaseJdbcLogger (debug:142) [http-bio-8787-exec-5] - <==      Total: 8
2017-04-25 16:29:52,707 DEBUG org.mybatis.spring.SqlSessionUtils (closeSqlSession:168) [http-bio-8787-exec-5] - Releasing transactional SqlSession [org.apache.ibatis.session.defaults.DefaultSqlSession@6c3de9de]
2017-04-25 16:29:52,713 DEBUG org.mybatis.spring.SqlSessionUtils$SqlSessionSynchronization (afterCompletion:280) [http-bio-8787-exec-5] - Transaction synchronization committing SqlSession [org.apache.ibatis.session.defaults.DefaultSqlSession@6c3de9de]
2017-04-25 16:29:52,714 DEBUG org.mybatis.spring.SqlSessionUtils$SqlSessionSynchronization (afterCompletion:301) [http-bio-8787-exec-5] - Transaction synchronization closing SqlSession [org.apache.ibatis.session.defaults.DefaultSqlSession@6c3de9de]
2017-04-25 16:30:59,725 DEBUG org.mybatis.spring.SqlSessionUtils (getSqlSession:109) [http-bio-8787-exec-3] - Creating a new SqlSession
2017-04-25 16:30:59,726 DEBUG org.mybatis.spring.SqlSessionUtils (getSqlSession:125) [http-bio-8787-exec-3] - Registering transaction synchronization for SqlSession [org.apache.ibatis.session.defaults.DefaultSqlSession@6874b8bc]
2017-04-25 16:30:59,728 DEBUG org.mybatis.spring.transaction.SpringManagedTransaction (openConnection:88) [http-bio-8787-exec-3] - JDBC Connection [jdbc:mysql://localhost:3306/kovka?useUnicode=yes&autoReconnect=true&characterEncoding=UTF8, UserName=root@localhost, MySQL-AB JDBC Driver] will be managed by Spring
2017-04-25 16:30:59,729 DEBUG org.apache.ibatis.logging.jdbc.BaseJdbcLogger (debug:142) [http-bio-8787-exec-3] - ==>  Preparing: SELECT s.*, si.`id` `info_id`, si.`sketch_id` `sketch_id`, si.`lang` `lang`, si.`name` `name`, si.`short_desc` `short_desc`, si.`title` `title`, si.`description` `description` FROM sketch s, sketch_info si WHERE si.sketch_id = s.id 
2017-04-25 16:30:59,730 DEBUG org.apache.ibatis.logging.jdbc.BaseJdbcLogger (debug:142) [http-bio-8787-exec-3] - ==> Parameters: 
2017-04-25 16:30:59,733 DEBUG org.apache.ibatis.logging.jdbc.BaseJdbcLogger (debug:142) [http-bio-8787-exec-3] - ====>  Preparing: SELECT * FROM f_data WHERE id = ? 
2017-04-25 16:30:59,734 DEBUG org.apache.ibatis.logging.jdbc.BaseJdbcLogger (debug:142) [http-bio-8787-exec-3] - ====> Parameters: 1(Long)
2017-04-25 16:30:59,737 DEBUG org.apache.ibatis.logging.jdbc.BaseJdbcLogger (debug:142) [http-bio-8787-exec-3] - <====      Total: 1
2017-04-25 16:30:59,740 DEBUG org.apache.ibatis.logging.jdbc.BaseJdbcLogger (debug:142) [http-bio-8787-exec-3] - ====>  Preparing: SELECT * FROM f_data WHERE id = ? 
2017-04-25 16:30:59,740 DEBUG org.apache.ibatis.logging.jdbc.BaseJdbcLogger (debug:142) [http-bio-8787-exec-3] - ====> Parameters: 11(Long)
2017-04-25 16:30:59,743 DEBUG org.apache.ibatis.logging.jdbc.BaseJdbcLogger (debug:142) [http-bio-8787-exec-3] - <====      Total: 1
2017-04-25 16:30:59,749 DEBUG org.apache.ibatis.logging.jdbc.BaseJdbcLogger (debug:142) [http-bio-8787-exec-3] - <==      Total: 8
2017-04-25 16:30:59,751 DEBUG org.mybatis.spring.SqlSessionUtils (closeSqlSession:168) [http-bio-8787-exec-3] - Releasing transactional SqlSession [org.apache.ibatis.session.defaults.DefaultSqlSession@6874b8bc]
2017-04-25 16:30:59,752 DEBUG org.mybatis.spring.SqlSessionUtils$SqlSessionSynchronization (afterCompletion:280) [http-bio-8787-exec-3] - Transaction synchronization committing SqlSession [org.apache.ibatis.session.defaults.DefaultSqlSession@6874b8bc]
2017-04-25 16:30:59,753 DEBUG org.mybatis.spring.SqlSessionUtils$SqlSessionSynchronization (afterCompletion:301) [http-bio-8787-exec-3] - Transaction synchronization closing SqlSession [org.apache.ibatis.session.defaults.DefaultSqlSession@6874b8bc]
2017-04-25 16:32:32,435 DEBUG org.mybatis.spring.SqlSessionUtils (getSqlSession:109) [http-bio-8787-exec-8] - Creating a new SqlSession
2017-04-25 16:32:32,436 DEBUG org.mybatis.spring.SqlSessionUtils (getSqlSession:125) [http-bio-8787-exec-8] - Registering transaction synchronization for SqlSession [org.apache.ibatis.session.defaults.DefaultSqlSession@4f8e2049]
2017-04-25 16:32:32,438 DEBUG org.mybatis.spring.transaction.SpringManagedTransaction (openConnection:88) [http-bio-8787-exec-8] - JDBC Connection [jdbc:mysql://localhost:3306/kovka?useUnicode=yes&autoReconnect=true&characterEncoding=UTF8, UserName=root@localhost, MySQL-AB JDBC Driver] will be managed by Spring
2017-04-25 16:32:32,439 DEBUG org.apache.ibatis.logging.jdbc.BaseJdbcLogger (debug:142) [http-bio-8787-exec-8] - ==>  Preparing: SELECT s.*, si.`id` `info_id`, si.`sketch_id` `sketch_id`, si.`lang` `lang`, si.`name` `name`, si.`short_desc` `short_desc`, si.`title` `title`, si.`description` `description` FROM sketch s, sketch_info si WHERE si.sketch_id = s.id 
2017-04-25 16:32:32,440 DEBUG org.apache.ibatis.logging.jdbc.BaseJdbcLogger (debug:142) [http-bio-8787-exec-8] - ==> Parameters: 
2017-04-25 16:32:32,444 DEBUG org.apache.ibatis.logging.jdbc.BaseJdbcLogger (debug:142) [http-bio-8787-exec-8] - ====>  Preparing: SELECT * FROM f_data WHERE id = ? 
2017-04-25 16:32:32,444 DEBUG org.apache.ibatis.logging.jdbc.BaseJdbcLogger (debug:142) [http-bio-8787-exec-8] - ====> Parameters: 1(Long)
2017-04-25 16:32:32,446 DEBUG org.apache.ibatis.logging.jdbc.BaseJdbcLogger (debug:142) [http-bio-8787-exec-8] - <====      Total: 1
2017-04-25 16:32:32,449 DEBUG org.apache.ibatis.logging.jdbc.BaseJdbcLogger (debug:142) [http-bio-8787-exec-8] - ====>  Preparing: SELECT * FROM f_data WHERE id = ? 
2017-04-25 16:32:32,450 DEBUG org.apache.ibatis.logging.jdbc.BaseJdbcLogger (debug:142) [http-bio-8787-exec-8] - ====> Parameters: 11(Long)
2017-04-25 16:32:32,452 DEBUG org.apache.ibatis.logging.jdbc.BaseJdbcLogger (debug:142) [http-bio-8787-exec-8] - <====      Total: 1
2017-04-25 16:32:32,454 DEBUG org.apache.ibatis.logging.jdbc.BaseJdbcLogger (debug:142) [http-bio-8787-exec-8] - <==      Total: 8
2017-04-25 16:32:32,455 DEBUG org.mybatis.spring.SqlSessionUtils (closeSqlSession:168) [http-bio-8787-exec-8] - Releasing transactional SqlSession [org.apache.ibatis.session.defaults.DefaultSqlSession@4f8e2049]
2017-04-25 16:32:32,456 DEBUG org.mybatis.spring.SqlSessionUtils$SqlSessionSynchronization (afterCompletion:280) [http-bio-8787-exec-8] - Transaction synchronization committing SqlSession [org.apache.ibatis.session.defaults.DefaultSqlSession@4f8e2049]
2017-04-25 16:32:32,456 DEBUG org.mybatis.spring.SqlSessionUtils$SqlSessionSynchronization (afterCompletion:301) [http-bio-8787-exec-8] - Transaction synchronization closing SqlSession [org.apache.ibatis.session.defaults.DefaultSqlSession@4f8e2049]
2017-04-25 16:33:18,492 DEBUG org.mybatis.spring.SqlSessionUtils (getSqlSession:109) [http-bio-8787-exec-9] - Creating a new SqlSession
2017-04-25 16:33:18,493 DEBUG org.mybatis.spring.SqlSessionUtils (getSqlSession:125) [http-bio-8787-exec-9] - Registering transaction synchronization for SqlSession [org.apache.ibatis.session.defaults.DefaultSqlSession@3bd41a2d]
2017-04-25 16:33:18,495 DEBUG org.mybatis.spring.transaction.SpringManagedTransaction (openConnection:88) [http-bio-8787-exec-9] - JDBC Connection [jdbc:mysql://localhost:3306/kovka?useUnicode=yes&autoReconnect=true&characterEncoding=UTF8, UserName=root@localhost, MySQL-AB JDBC Driver] will be managed by Spring
2017-04-25 16:33:18,496 DEBUG org.apache.ibatis.logging.jdbc.BaseJdbcLogger (debug:142) [http-bio-8787-exec-9] - ==>  Preparing: SELECT s.*, si.`id` `info_id`, si.`sketch_id` `sketch_id`, si.`lang` `lang`, si.`name` `name`, si.`short_desc` `short_desc`, si.`title` `title`, si.`description` `description` FROM sketch s, sketch_info si WHERE si.sketch_id = s.id 
2017-04-25 16:33:18,497 DEBUG org.apache.ibatis.logging.jdbc.BaseJdbcLogger (debug:142) [http-bio-8787-exec-9] - ==> Parameters: 
2017-04-25 16:33:18,500 DEBUG org.apache.ibatis.logging.jdbc.BaseJdbcLogger (debug:142) [http-bio-8787-exec-9] - ====>  Preparing: SELECT * FROM f_data WHERE id = ? 
2017-04-25 16:33:18,502 DEBUG org.apache.ibatis.logging.jdbc.BaseJdbcLogger (debug:142) [http-bio-8787-exec-9] - ====> Parameters: 1(Long)
2017-04-25 16:33:18,505 DEBUG org.apache.ibatis.logging.jdbc.BaseJdbcLogger (debug:142) [http-bio-8787-exec-9] - <====      Total: 1
2017-04-25 16:33:18,509 DEBUG org.apache.ibatis.logging.jdbc.BaseJdbcLogger (debug:142) [http-bio-8787-exec-9] - ====>  Preparing: SELECT * FROM f_data WHERE id = ? 
2017-04-25 16:33:18,510 DEBUG org.apache.ibatis.logging.jdbc.BaseJdbcLogger (debug:142) [http-bio-8787-exec-9] - ====> Parameters: 11(Long)
2017-04-25 16:33:18,512 DEBUG org.apache.ibatis.logging.jdbc.BaseJdbcLogger (debug:142) [http-bio-8787-exec-9] - <====      Total: 1
2017-04-25 16:33:18,520 DEBUG org.apache.ibatis.logging.jdbc.BaseJdbcLogger (debug:142) [http-bio-8787-exec-9] - <==      Total: 8
2017-04-25 16:33:18,521 DEBUG org.mybatis.spring.SqlSessionUtils (closeSqlSession:168) [http-bio-8787-exec-9] - Releasing transactional SqlSession [org.apache.ibatis.session.defaults.DefaultSqlSession@3bd41a2d]
2017-04-25 16:33:18,522 DEBUG org.mybatis.spring.SqlSessionUtils$SqlSessionSynchronization (afterCompletion:280) [http-bio-8787-exec-9] - Transaction synchronization committing SqlSession [org.apache.ibatis.session.defaults.DefaultSqlSession@3bd41a2d]
2017-04-25 16:33:18,523 DEBUG org.mybatis.spring.SqlSessionUtils$SqlSessionSynchronization (afterCompletion:301) [http-bio-8787-exec-9] - Transaction synchronization closing SqlSession [org.apache.ibatis.session.defaults.DefaultSqlSession@3bd41a2d]
2017-04-25 16:33:53,865 DEBUG org.mybatis.spring.SqlSessionUtils (getSqlSession:109) [http-bio-8787-exec-9] - Creating a new SqlSession
2017-04-25 16:33:53,865 DEBUG org.mybatis.spring.SqlSessionUtils (getSqlSession:125) [http-bio-8787-exec-9] - Registering transaction synchronization for SqlSession [org.apache.ibatis.session.defaults.DefaultSqlSession@201ed8ce]
2017-04-25 16:33:53,866 DEBUG org.mybatis.spring.transaction.SpringManagedTransaction (openConnection:88) [http-bio-8787-exec-9] - JDBC Connection [jdbc:mysql://localhost:3306/kovka?useUnicode=yes&autoReconnect=true&characterEncoding=UTF8, UserName=root@localhost, MySQL-AB JDBC Driver] will be managed by Spring
2017-04-25 16:33:53,867 DEBUG org.apache.ibatis.logging.jdbc.BaseJdbcLogger (debug:142) [http-bio-8787-exec-9] - ==>  Preparing: SELECT s.*, si.`id` `info_id`, si.`sketch_id` `sketch_id`, si.`lang` `lang`, si.`name` `name`, si.`short_desc` `short_desc`, si.`title` `title`, si.`description` `description` FROM sketch s, sketch_info si WHERE si.sketch_id = s.id 
2017-04-25 16:33:53,868 DEBUG org.apache.ibatis.logging.jdbc.BaseJdbcLogger (debug:142) [http-bio-8787-exec-9] - ==> Parameters: 
2017-04-25 16:33:53,870 DEBUG org.apache.ibatis.logging.jdbc.BaseJdbcLogger (debug:142) [http-bio-8787-exec-9] - ====>  Preparing: SELECT * FROM f_data WHERE id = ? 
2017-04-25 16:33:53,871 DEBUG org.apache.ibatis.logging.jdbc.BaseJdbcLogger (debug:142) [http-bio-8787-exec-9] - ====> Parameters: 1(Long)
2017-04-25 16:33:53,873 DEBUG org.apache.ibatis.logging.jdbc.BaseJdbcLogger (debug:142) [http-bio-8787-exec-9] - <====      Total: 1
2017-04-25 16:33:53,877 DEBUG org.apache.ibatis.logging.jdbc.BaseJdbcLogger (debug:142) [http-bio-8787-exec-9] - ====>  Preparing: SELECT * FROM f_data WHERE id = ? 
2017-04-25 16:33:53,879 DEBUG org.apache.ibatis.logging.jdbc.BaseJdbcLogger (debug:142) [http-bio-8787-exec-9] - ====> Parameters: 11(Long)
2017-04-25 16:33:53,883 DEBUG org.apache.ibatis.logging.jdbc.BaseJdbcLogger (debug:142) [http-bio-8787-exec-9] - <====      Total: 1
2017-04-25 16:33:53,886 DEBUG org.apache.ibatis.logging.jdbc.BaseJdbcLogger (debug:142) [http-bio-8787-exec-9] - <==      Total: 8
2017-04-25 16:33:53,888 DEBUG org.mybatis.spring.SqlSessionUtils (closeSqlSession:168) [http-bio-8787-exec-9] - Releasing transactional SqlSession [org.apache.ibatis.session.defaults.DefaultSqlSession@201ed8ce]
2017-04-25 16:33:53,889 DEBUG org.mybatis.spring.SqlSessionUtils$SqlSessionSynchronization (afterCompletion:280) [http-bio-8787-exec-9] - Transaction synchronization committing SqlSession [org.apache.ibatis.session.defaults.DefaultSqlSession@201ed8ce]
2017-04-25 16:33:53,890 DEBUG org.mybatis.spring.SqlSessionUtils$SqlSessionSynchronization (afterCompletion:301) [http-bio-8787-exec-9] - Transaction synchronization closing SqlSession [org.apache.ibatis.session.defaults.DefaultSqlSession@201ed8ce]
2017-04-25 16:36:35,553 DEBUG org.mybatis.spring.SqlSessionUtils (getSqlSession:109) [http-bio-8787-exec-7] - Creating a new SqlSession
2017-04-25 16:36:35,554 DEBUG org.mybatis.spring.SqlSessionUtils (getSqlSession:125) [http-bio-8787-exec-7] - Registering transaction synchronization for SqlSession [org.apache.ibatis.session.defaults.DefaultSqlSession@73c23b21]
2017-04-25 16:36:35,555 DEBUG org.mybatis.spring.transaction.SpringManagedTransaction (openConnection:88) [http-bio-8787-exec-7] - JDBC Connection [jdbc:mysql://localhost:3306/kovka?useUnicode=yes&autoReconnect=true&characterEncoding=UTF8, UserName=root@localhost, MySQL-AB JDBC Driver] will be managed by Spring
2017-04-25 16:36:35,556 DEBUG org.apache.ibatis.logging.jdbc.BaseJdbcLogger (debug:142) [http-bio-8787-exec-7] - ==>  Preparing: SELECT s.*, si.`id` `info_id`, si.`sketch_id` `sketch_id`, si.`lang` `lang`, si.`name` `name`, si.`short_desc` `short_desc`, si.`title` `title`, si.`description` `description` FROM sketch s, sketch_info si WHERE si.sketch_id = s.id 
2017-04-25 16:36:35,559 DEBUG org.apache.ibatis.logging.jdbc.BaseJdbcLogger (debug:142) [http-bio-8787-exec-7] - ==> Parameters: 
2017-04-25 16:36:35,562 DEBUG org.apache.ibatis.logging.jdbc.BaseJdbcLogger (debug:142) [http-bio-8787-exec-7] - ====>  Preparing: SELECT * FROM f_data WHERE id = ? 
2017-04-25 16:36:35,563 DEBUG org.apache.ibatis.logging.jdbc.BaseJdbcLogger (debug:142) [http-bio-8787-exec-7] - ====> Parameters: 1(Long)
2017-04-25 16:36:35,565 DEBUG org.apache.ibatis.logging.jdbc.BaseJdbcLogger (debug:142) [http-bio-8787-exec-7] - <====      Total: 1
2017-04-25 16:36:35,573 DEBUG org.apache.ibatis.logging.jdbc.BaseJdbcLogger (debug:142) [http-bio-8787-exec-7] - ====>  Preparing: SELECT * FROM f_data WHERE id = ? 
2017-04-25 16:36:35,574 DEBUG org.apache.ibatis.logging.jdbc.BaseJdbcLogger (debug:142) [http-bio-8787-exec-7] - ====> Parameters: 11(Long)
2017-04-25 16:36:35,577 DEBUG org.apache.ibatis.logging.jdbc.BaseJdbcLogger (debug:142) [http-bio-8787-exec-7] - <====      Total: 1
2017-04-25 16:36:35,580 DEBUG org.apache.ibatis.logging.jdbc.BaseJdbcLogger (debug:142) [http-bio-8787-exec-7] - <==      Total: 8
2017-04-25 16:36:35,581 DEBUG org.mybatis.spring.SqlSessionUtils (closeSqlSession:168) [http-bio-8787-exec-7] - Releasing transactional SqlSession [org.apache.ibatis.session.defaults.DefaultSqlSession@73c23b21]
2017-04-25 16:36:35,582 DEBUG org.mybatis.spring.SqlSessionUtils$SqlSessionSynchronization (afterCompletion:280) [http-bio-8787-exec-7] - Transaction synchronization committing SqlSession [org.apache.ibatis.session.defaults.DefaultSqlSession@73c23b21]
2017-04-25 16:36:35,583 DEBUG org.mybatis.spring.SqlSessionUtils$SqlSessionSynchronization (afterCompletion:301) [http-bio-8787-exec-7] - Transaction synchronization closing SqlSession [org.apache.ibatis.session.defaults.DefaultSqlSession@73c23b21]
2017-04-25 16:37:44,906 DEBUG org.mybatis.spring.SqlSessionUtils (getSqlSession:109) [http-bio-8787-exec-10] - Creating a new SqlSession
2017-04-25 16:37:44,907 DEBUG org.mybatis.spring.SqlSessionUtils (getSqlSession:125) [http-bio-8787-exec-10] - Registering transaction synchronization for SqlSession [org.apache.ibatis.session.defaults.DefaultSqlSession@27b2eb7f]
2017-04-25 16:37:44,909 DEBUG org.mybatis.spring.transaction.SpringManagedTransaction (openConnection:88) [http-bio-8787-exec-10] - JDBC Connection [jdbc:mysql://localhost:3306/kovka?useUnicode=yes&autoReconnect=true&characterEncoding=UTF8, UserName=root@localhost, MySQL-AB JDBC Driver] will be managed by Spring
2017-04-25 16:37:44,910 DEBUG org.apache.ibatis.logging.jdbc.BaseJdbcLogger (debug:142) [http-bio-8787-exec-10] - ==>  Preparing: SELECT s.*, si.`id` `info_id`, si.`sketch_id` `sketch_id`, si.`lang` `lang`, si.`name` `name`, si.`short_desc` `short_desc`, si.`title` `title`, si.`description` `description` FROM sketch s, sketch_info si WHERE si.sketch_id = s.id 
2017-04-25 16:37:44,911 DEBUG org.apache.ibatis.logging.jdbc.BaseJdbcLogger (debug:142) [http-bio-8787-exec-10] - ==> Parameters: 
2017-04-25 16:37:44,913 DEBUG org.apache.ibatis.logging.jdbc.BaseJdbcLogger (debug:142) [http-bio-8787-exec-10] - ====>  Preparing: SELECT * FROM f_data WHERE id = ? 
2017-04-25 16:37:44,914 DEBUG org.apache.ibatis.logging.jdbc.BaseJdbcLogger (debug:142) [http-bio-8787-exec-10] - ====> Parameters: 1(Long)
2017-04-25 16:37:44,916 DEBUG org.apache.ibatis.logging.jdbc.BaseJdbcLogger (debug:142) [http-bio-8787-exec-10] - <====      Total: 1
2017-04-25 16:37:44,919 DEBUG org.apache.ibatis.logging.jdbc.BaseJdbcLogger (debug:142) [http-bio-8787-exec-10] - ====>  Preparing: SELECT * FROM f_data WHERE id = ? 
2017-04-25 16:37:44,920 DEBUG org.apache.ibatis.logging.jdbc.BaseJdbcLogger (debug:142) [http-bio-8787-exec-10] - ====> Parameters: 11(Long)
2017-04-25 16:37:44,925 DEBUG org.apache.ibatis.logging.jdbc.BaseJdbcLogger (debug:142) [http-bio-8787-exec-10] - <====      Total: 1
2017-04-25 16:37:44,927 DEBUG org.apache.ibatis.logging.jdbc.BaseJdbcLogger (debug:142) [http-bio-8787-exec-10] - <==      Total: 8
2017-04-25 16:37:44,929 DEBUG org.mybatis.spring.SqlSessionUtils (closeSqlSession:168) [http-bio-8787-exec-10] - Releasing transactional SqlSession [org.apache.ibatis.session.defaults.DefaultSqlSession@27b2eb7f]
2017-04-25 16:37:44,930 DEBUG org.mybatis.spring.SqlSessionUtils$SqlSessionSynchronization (afterCompletion:280) [http-bio-8787-exec-10] - Transaction synchronization committing SqlSession [org.apache.ibatis.session.defaults.DefaultSqlSession@27b2eb7f]
2017-04-25 16:37:44,930 DEBUG org.mybatis.spring.SqlSessionUtils$SqlSessionSynchronization (afterCompletion:301) [http-bio-8787-exec-10] - Transaction synchronization closing SqlSession [org.apache.ibatis.session.defaults.DefaultSqlSession@27b2eb7f]
2017-04-25 16:38:02,685 DEBUG org.mybatis.spring.SqlSessionUtils (getSqlSession:109) [http-bio-8787-exec-1] - Creating a new SqlSession
2017-04-25 16:38:02,686 DEBUG org.mybatis.spring.SqlSessionUtils (getSqlSession:125) [http-bio-8787-exec-1] - Registering transaction synchronization for SqlSession [org.apache.ibatis.session.defaults.DefaultSqlSession@42e2d643]
2017-04-25 16:38:02,687 DEBUG org.mybatis.spring.transaction.SpringManagedTransaction (openConnection:88) [http-bio-8787-exec-1] - JDBC Connection [jdbc:mysql://localhost:3306/kovka?useUnicode=yes&autoReconnect=true&characterEncoding=UTF8, UserName=root@localhost, MySQL-AB JDBC Driver] will be managed by Spring
2017-04-25 16:38:02,688 DEBUG org.apache.ibatis.logging.jdbc.BaseJdbcLogger (debug:142) [http-bio-8787-exec-1] - ==>  Preparing: SELECT s.*, si.`id` `info_id`, si.`sketch_id` `sketch_id`, si.`lang` `lang`, si.`name` `name`, si.`short_desc` `short_desc`, si.`title` `title`, si.`description` `description` FROM sketch s, sketch_info si WHERE si.sketch_id = s.id 
2017-04-25 16:38:02,689 DEBUG org.apache.ibatis.logging.jdbc.BaseJdbcLogger (debug:142) [http-bio-8787-exec-1] - ==> Parameters: 
2017-04-25 16:38:02,691 DEBUG org.apache.ibatis.logging.jdbc.BaseJdbcLogger (debug:142) [http-bio-8787-exec-1] - ====>  Preparing: SELECT * FROM f_data WHERE id = ? 
2017-04-25 16:38:02,692 DEBUG org.apache.ibatis.logging.jdbc.BaseJdbcLogger (debug:142) [http-bio-8787-exec-1] - ====> Parameters: 1(Long)
2017-04-25 16:38:02,694 DEBUG org.apache.ibatis.logging.jdbc.BaseJdbcLogger (debug:142) [http-bio-8787-exec-1] - <====      Total: 1
2017-04-25 16:38:02,699 DEBUG org.apache.ibatis.logging.jdbc.BaseJdbcLogger (debug:142) [http-bio-8787-exec-1] - ====>  Preparing: SELECT * FROM f_data WHERE id = ? 
2017-04-25 16:38:02,700 DEBUG org.apache.ibatis.logging.jdbc.BaseJdbcLogger (debug:142) [http-bio-8787-exec-1] - ====> Parameters: 11(Long)
2017-04-25 16:38:02,708 DEBUG org.apache.ibatis.logging.jdbc.BaseJdbcLogger (debug:142) [http-bio-8787-exec-1] - <====      Total: 1
2017-04-25 16:38:02,711 DEBUG org.apache.ibatis.logging.jdbc.BaseJdbcLogger (debug:142) [http-bio-8787-exec-1] - <==      Total: 8
2017-04-25 16:38:02,712 DEBUG org.mybatis.spring.SqlSessionUtils (closeSqlSession:168) [http-bio-8787-exec-1] - Releasing transactional SqlSession [org.apache.ibatis.session.defaults.DefaultSqlSession@42e2d643]
2017-04-25 16:38:02,713 DEBUG org.mybatis.spring.SqlSessionUtils$SqlSessionSynchronization (afterCompletion:280) [http-bio-8787-exec-1] - Transaction synchronization committing SqlSession [org.apache.ibatis.session.defaults.DefaultSqlSession@42e2d643]
2017-04-25 16:38:02,713 DEBUG org.mybatis.spring.SqlSessionUtils$SqlSessionSynchronization (afterCompletion:301) [http-bio-8787-exec-1] - Transaction synchronization closing SqlSession [org.apache.ibatis.session.defaults.DefaultSqlSession@42e2d643]
2017-04-25 16:40:58,142 DEBUG org.mybatis.spring.SqlSessionUtils (getSqlSession:109) [http-bio-8787-exec-3] - Creating a new SqlSession
2017-04-25 16:40:58,143 DEBUG org.mybatis.spring.SqlSessionUtils (getSqlSession:125) [http-bio-8787-exec-3] - Registering transaction synchronization for SqlSession [org.apache.ibatis.session.defaults.DefaultSqlSession@5b5dc3c8]
2017-04-25 16:40:58,144 DEBUG org.mybatis.spring.transaction.SpringManagedTransaction (openConnection:88) [http-bio-8787-exec-3] - JDBC Connection [jdbc:mysql://localhost:3306/kovka?useUnicode=yes&autoReconnect=true&characterEncoding=UTF8, UserName=root@localhost, MySQL-AB JDBC Driver] will be managed by Spring
2017-04-25 16:40:58,144 DEBUG org.apache.ibatis.logging.jdbc.BaseJdbcLogger (debug:142) [http-bio-8787-exec-3] - ==>  Preparing: SELECT s.*, si.`id` `info_id`, si.`sketch_id` `sketch_id`, si.`lang` `lang`, si.`name` `name`, si.`short_desc` `short_desc`, si.`title` `title`, si.`description` `description` FROM sketch s, sketch_info si WHERE si.sketch_id = s.id 
2017-04-25 16:40:58,145 DEBUG org.apache.ibatis.logging.jdbc.BaseJdbcLogger (debug:142) [http-bio-8787-exec-3] - ==> Parameters: 
2017-04-25 16:40:58,148 DEBUG org.apache.ibatis.logging.jdbc.BaseJdbcLogger (debug:142) [http-bio-8787-exec-3] - ====>  Preparing: SELECT * FROM f_data WHERE id = ? 
2017-04-25 16:40:58,149 DEBUG org.apache.ibatis.logging.jdbc.BaseJdbcLogger (debug:142) [http-bio-8787-exec-3] - ====> Parameters: 1(Long)
2017-04-25 16:40:58,151 DEBUG org.apache.ibatis.logging.jdbc.BaseJdbcLogger (debug:142) [http-bio-8787-exec-3] - <====      Total: 1
2017-04-25 16:40:58,153 DEBUG org.apache.ibatis.logging.jdbc.BaseJdbcLogger (debug:142) [http-bio-8787-exec-3] - ====>  Preparing: SELECT * FROM f_data WHERE id = ? 
2017-04-25 16:40:58,154 DEBUG org.apache.ibatis.logging.jdbc.BaseJdbcLogger (debug:142) [http-bio-8787-exec-3] - ====> Parameters: 11(Long)
2017-04-25 16:40:58,156 DEBUG org.apache.ibatis.logging.jdbc.BaseJdbcLogger (debug:142) [http-bio-8787-exec-3] - <====      Total: 1
2017-04-25 16:40:58,158 DEBUG org.apache.ibatis.logging.jdbc.BaseJdbcLogger (debug:142) [http-bio-8787-exec-3] - <==      Total: 8
2017-04-25 16:40:58,160 DEBUG org.mybatis.spring.SqlSessionUtils (closeSqlSession:168) [http-bio-8787-exec-3] - Releasing transactional SqlSession [org.apache.ibatis.session.defaults.DefaultSqlSession@5b5dc3c8]
2017-04-25 16:40:58,160 DEBUG org.mybatis.spring.SqlSessionUtils$SqlSessionSynchronization (afterCompletion:280) [http-bio-8787-exec-3] - Transaction synchronization committing SqlSession [org.apache.ibatis.session.defaults.DefaultSqlSession@5b5dc3c8]
2017-04-25 16:40:58,161 DEBUG org.mybatis.spring.SqlSessionUtils$SqlSessionSynchronization (afterCompletion:301) [http-bio-8787-exec-3] - Transaction synchronization closing SqlSession [org.apache.ibatis.session.defaults.DefaultSqlSession@5b5dc3c8]
2017-04-25 16:43:04,862 DEBUG org.mybatis.spring.SqlSessionUtils (getSqlSession:109) [http-bio-8787-exec-10] - Creating a new SqlSession
2017-04-25 16:43:04,862 DEBUG org.mybatis.spring.SqlSessionUtils (getSqlSession:125) [http-bio-8787-exec-10] - Registering transaction synchronization for SqlSession [org.apache.ibatis.session.defaults.DefaultSqlSession@7bb03bf3]
2017-04-25 16:43:04,863 DEBUG org.mybatis.spring.transaction.SpringManagedTransaction (openConnection:88) [http-bio-8787-exec-10] - JDBC Connection [jdbc:mysql://localhost:3306/kovka?useUnicode=yes&autoReconnect=true&characterEncoding=UTF8, UserName=root@localhost, MySQL-AB JDBC Driver] will be managed by Spring
2017-04-25 16:43:04,864 DEBUG org.apache.ibatis.logging.jdbc.BaseJdbcLogger (debug:142) [http-bio-8787-exec-10] - ==>  Preparing: SELECT s.*, si.`id` `info_id`, si.`sketch_id` `sketch_id`, si.`lang` `lang`, si.`name` `name`, si.`short_desc` `short_desc`, si.`title` `title`, si.`description` `description` FROM sketch s, sketch_info si WHERE si.sketch_id = s.id 
2017-04-25 16:43:04,865 DEBUG org.apache.ibatis.logging.jdbc.BaseJdbcLogger (debug:142) [http-bio-8787-exec-10] - ==> Parameters: 
2017-04-25 16:43:04,867 DEBUG org.apache.ibatis.logging.jdbc.BaseJdbcLogger (debug:142) [http-bio-8787-exec-10] - ====>  Preparing: SELECT * FROM f_data WHERE id = ? 
2017-04-25 16:43:04,868 DEBUG org.apache.ibatis.logging.jdbc.BaseJdbcLogger (debug:142) [http-bio-8787-exec-10] - ====> Parameters: 1(Long)
2017-04-25 16:43:04,873 DEBUG org.apache.ibatis.logging.jdbc.BaseJdbcLogger (debug:142) [http-bio-8787-exec-10] - <====      Total: 1
2017-04-25 16:43:04,875 DEBUG org.apache.ibatis.logging.jdbc.BaseJdbcLogger (debug:142) [http-bio-8787-exec-10] - ====>  Preparing: SELECT * FROM f_data WHERE id = ? 
2017-04-25 16:43:04,876 DEBUG org.apache.ibatis.logging.jdbc.BaseJdbcLogger (debug:142) [http-bio-8787-exec-10] - ====> Parameters: 11(Long)
2017-04-25 16:43:04,879 DEBUG org.apache.ibatis.logging.jdbc.BaseJdbcLogger (debug:142) [http-bio-8787-exec-10] - <====      Total: 1
2017-04-25 16:43:04,881 DEBUG org.apache.ibatis.logging.jdbc.BaseJdbcLogger (debug:142) [http-bio-8787-exec-10] - <==      Total: 8
2017-04-25 16:43:04,882 DEBUG org.mybatis.spring.SqlSessionUtils (closeSqlSession:168) [http-bio-8787-exec-10] - Releasing transactional SqlSession [org.apache.ibatis.session.defaults.DefaultSqlSession@7bb03bf3]
2017-04-25 16:43:04,882 DEBUG org.mybatis.spring.SqlSessionUtils$SqlSessionSynchronization (afterCompletion:280) [http-bio-8787-exec-10] - Transaction synchronization committing SqlSession [org.apache.ibatis.session.defaults.DefaultSqlSession@7bb03bf3]
2017-04-25 16:43:04,883 DEBUG org.mybatis.spring.SqlSessionUtils$SqlSessionSynchronization (afterCompletion:301) [http-bio-8787-exec-10] - Transaction synchronization closing SqlSession [org.apache.ibatis.session.defaults.DefaultSqlSession@7bb03bf3]
2017-04-25 16:44:19,065 DEBUG org.mybatis.spring.SqlSessionUtils (getSqlSession:109) [http-bio-8787-exec-4] - Creating a new SqlSession
2017-04-25 16:44:19,066 DEBUG org.mybatis.spring.SqlSessionUtils (getSqlSession:125) [http-bio-8787-exec-4] - Registering transaction synchronization for SqlSession [org.apache.ibatis.session.defaults.DefaultSqlSession@57ebeada]
2017-04-25 16:44:19,067 DEBUG org.mybatis.spring.transaction.SpringManagedTransaction (openConnection:88) [http-bio-8787-exec-4] - JDBC Connection [jdbc:mysql://localhost:3306/kovka?useUnicode=yes&autoReconnect=true&characterEncoding=UTF8, UserName=root@localhost, MySQL-AB JDBC Driver] will be managed by Spring
2017-04-25 16:44:19,068 DEBUG org.apache.ibatis.logging.jdbc.BaseJdbcLogger (debug:142) [http-bio-8787-exec-4] - ==>  Preparing: SELECT s.*, si.`id` `info_id`, si.`sketch_id` `sketch_id`, si.`lang` `lang`, si.`name` `name`, si.`short_desc` `short_desc`, si.`title` `title`, si.`description` `description` FROM sketch s, sketch_info si WHERE si.sketch_id = s.id 
2017-04-25 16:44:19,069 DEBUG org.apache.ibatis.logging.jdbc.BaseJdbcLogger (debug:142) [http-bio-8787-exec-4] - ==> Parameters: 
2017-04-25 16:44:19,073 DEBUG org.apache.ibatis.logging.jdbc.BaseJdbcLogger (debug:142) [http-bio-8787-exec-4] - ====>  Preparing: SELECT * FROM f_data WHERE id = ? 
2017-04-25 16:44:19,074 DEBUG org.apache.ibatis.logging.jdbc.BaseJdbcLogger (debug:142) [http-bio-8787-exec-4] - ====> Parameters: 1(Long)
2017-04-25 16:44:19,076 DEBUG org.apache.ibatis.logging.jdbc.BaseJdbcLogger (debug:142) [http-bio-8787-exec-4] - <====      Total: 1
2017-04-25 16:44:19,079 DEBUG org.apache.ibatis.logging.jdbc.BaseJdbcLogger (debug:142) [http-bio-8787-exec-4] - ====>  Preparing: SELECT * FROM f_data WHERE id = ? 
2017-04-25 16:44:19,080 DEBUG org.apache.ibatis.logging.jdbc.BaseJdbcLogger (debug:142) [http-bio-8787-exec-4] - ====> Parameters: 11(Long)
2017-04-25 16:44:19,082 DEBUG org.apache.ibatis.logging.jdbc.BaseJdbcLogger (debug:142) [http-bio-8787-exec-4] - <====      Total: 1
2017-04-25 16:44:19,084 DEBUG org.apache.ibatis.logging.jdbc.BaseJdbcLogger (debug:142) [http-bio-8787-exec-4] - <==      Total: 8
2017-04-25 16:44:19,085 DEBUG org.mybatis.spring.SqlSessionUtils (closeSqlSession:168) [http-bio-8787-exec-4] - Releasing transactional SqlSession [org.apache.ibatis.session.defaults.DefaultSqlSession@57ebeada]
2017-04-25 16:44:19,086 DEBUG org.mybatis.spring.SqlSessionUtils$SqlSessionSynchronization (afterCompletion:280) [http-bio-8787-exec-4] - Transaction synchronization committing SqlSession [org.apache.ibatis.session.defaults.DefaultSqlSession@57ebeada]
2017-04-25 16:44:19,087 DEBUG org.mybatis.spring.SqlSessionUtils$SqlSessionSynchronization (afterCompletion:301) [http-bio-8787-exec-4] - Transaction synchronization closing SqlSession [org.apache.ibatis.session.defaults.DefaultSqlSession@57ebeada]
2017-04-25 16:48:00,849 DEBUG org.mybatis.spring.SqlSessionUtils (getSqlSession:109) [http-bio-8787-exec-5] - Creating a new SqlSession
2017-04-25 16:48:00,850 DEBUG org.mybatis.spring.SqlSessionUtils (getSqlSession:125) [http-bio-8787-exec-5] - Registering transaction synchronization for SqlSession [org.apache.ibatis.session.defaults.DefaultSqlSession@6c00fbd]
2017-04-25 16:48:00,851 DEBUG org.mybatis.spring.transaction.SpringManagedTransaction (openConnection:88) [http-bio-8787-exec-5] - JDBC Connection [jdbc:mysql://localhost:3306/kovka?useUnicode=yes&autoReconnect=true&characterEncoding=UTF8, UserName=root@localhost, MySQL-AB JDBC Driver] will be managed by Spring
2017-04-25 16:48:00,853 DEBUG org.apache.ibatis.logging.jdbc.BaseJdbcLogger (debug:142) [http-bio-8787-exec-5] - ==>  Preparing: SELECT s.*, si.`id` `info_id`, si.`sketch_id` `sketch_id`, si.`lang` `lang`, si.`name` `name`, si.`short_desc` `short_desc`, si.`title` `title`, si.`description` `description` FROM sketch s, sketch_info si WHERE si.sketch_id = s.id 
2017-04-25 16:48:00,854 DEBUG org.apache.ibatis.logging.jdbc.BaseJdbcLogger (debug:142) [http-bio-8787-exec-5] - ==> Parameters: 
2017-04-25 16:48:00,856 DEBUG org.apache.ibatis.logging.jdbc.BaseJdbcLogger (debug:142) [http-bio-8787-exec-5] - ====>  Preparing: SELECT * FROM f_data WHERE id = ? 
2017-04-25 16:48:00,858 DEBUG org.apache.ibatis.logging.jdbc.BaseJdbcLogger (debug:142) [http-bio-8787-exec-5] - ====> Parameters: 1(Long)
2017-04-25 16:48:00,861 DEBUG org.apache.ibatis.logging.jdbc.BaseJdbcLogger (debug:142) [http-bio-8787-exec-5] - <====      Total: 1
2017-04-25 16:48:00,867 DEBUG org.apache.ibatis.logging.jdbc.BaseJdbcLogger (debug:142) [http-bio-8787-exec-5] - ====>  Preparing: SELECT * FROM f_data WHERE id = ? 
2017-04-25 16:48:00,875 DEBUG org.apache.ibatis.logging.jdbc.BaseJdbcLogger (debug:142) [http-bio-8787-exec-5] - ====> Parameters: 11(Long)
2017-04-25 16:48:00,890 DEBUG org.apache.ibatis.logging.jdbc.BaseJdbcLogger (debug:142) [http-bio-8787-exec-5] - <====      Total: 1
2017-04-25 16:48:00,893 DEBUG org.apache.ibatis.logging.jdbc.BaseJdbcLogger (debug:142) [http-bio-8787-exec-5] - <==      Total: 8
2017-04-25 16:48:00,894 DEBUG org.mybatis.spring.SqlSessionUtils (closeSqlSession:168) [http-bio-8787-exec-5] - Releasing transactional SqlSession [org.apache.ibatis.session.defaults.DefaultSqlSession@6c00fbd]
2017-04-25 16:48:00,895 DEBUG org.mybatis.spring.SqlSessionUtils$SqlSessionSynchronization (afterCompletion:280) [http-bio-8787-exec-5] - Transaction synchronization committing SqlSession [org.apache.ibatis.session.defaults.DefaultSqlSession@6c00fbd]
2017-04-25 16:48:00,895 DEBUG org.mybatis.spring.SqlSessionUtils$SqlSessionSynchronization (afterCompletion:301) [http-bio-8787-exec-5] - Transaction synchronization closing SqlSession [org.apache.ibatis.session.defaults.DefaultSqlSession@6c00fbd]
2017-04-25 16:51:15,585 DEBUG org.mybatis.spring.SqlSessionUtils (getSqlSession:109) [http-bio-8787-exec-5] - Creating a new SqlSession
2017-04-25 16:51:15,586 DEBUG org.mybatis.spring.SqlSessionUtils (getSqlSession:125) [http-bio-8787-exec-5] - Registering transaction synchronization for SqlSession [org.apache.ibatis.session.defaults.DefaultSqlSession@f9cc4f0]
2017-04-25 16:51:15,587 DEBUG org.mybatis.spring.transaction.SpringManagedTransaction (openConnection:88) [http-bio-8787-exec-5] - JDBC Connection [jdbc:mysql://localhost:3306/kovka?useUnicode=yes&autoReconnect=true&characterEncoding=UTF8, UserName=root@localhost, MySQL-AB JDBC Driver] will be managed by Spring
2017-04-25 16:51:15,588 DEBUG org.apache.ibatis.logging.jdbc.BaseJdbcLogger (debug:142) [http-bio-8787-exec-5] - ==>  Preparing: SELECT s.*, si.`id` `info_id`, si.`sketch_id` `sketch_id`, si.`lang` `lang`, si.`name` `name`, si.`short_desc` `short_desc`, si.`title` `title`, si.`description` `description` FROM sketch s, sketch_info si WHERE si.sketch_id = s.id 
2017-04-25 16:51:15,589 DEBUG org.apache.ibatis.logging.jdbc.BaseJdbcLogger (debug:142) [http-bio-8787-exec-5] - ==> Parameters: 
2017-04-25 16:51:15,591 DEBUG org.apache.ibatis.logging.jdbc.BaseJdbcLogger (debug:142) [http-bio-8787-exec-5] - ====>  Preparing: SELECT * FROM f_data WHERE id = ? 
2017-04-25 16:51:15,592 DEBUG org.apache.ibatis.logging.jdbc.BaseJdbcLogger (debug:142) [http-bio-8787-exec-5] - ====> Parameters: 1(Long)
2017-04-25 16:51:15,594 DEBUG org.apache.ibatis.logging.jdbc.BaseJdbcLogger (debug:142) [http-bio-8787-exec-5] - <====      Total: 1
2017-04-25 16:51:15,596 DEBUG org.apache.ibatis.logging.jdbc.BaseJdbcLogger (debug:142) [http-bio-8787-exec-5] - ====>  Preparing: SELECT * FROM f_data WHERE id = ? 
2017-04-25 16:51:15,597 DEBUG org.apache.ibatis.logging.jdbc.BaseJdbcLogger (debug:142) [http-bio-8787-exec-5] - ====> Parameters: 11(Long)
2017-04-25 16:51:15,599 DEBUG org.apache.ibatis.logging.jdbc.BaseJdbcLogger (debug:142) [http-bio-8787-exec-5] - <====      Total: 1
2017-04-25 16:51:15,600 DEBUG org.apache.ibatis.logging.jdbc.BaseJdbcLogger (debug:142) [http-bio-8787-exec-5] - <==      Total: 8
2017-04-25 16:51:15,602 DEBUG org.mybatis.spring.SqlSessionUtils (closeSqlSession:168) [http-bio-8787-exec-5] - Releasing transactional SqlSession [org.apache.ibatis.session.defaults.DefaultSqlSession@f9cc4f0]
2017-04-25 16:51:15,603 DEBUG org.mybatis.spring.SqlSessionUtils$SqlSessionSynchronization (afterCompletion:280) [http-bio-8787-exec-5] - Transaction synchronization committing SqlSession [org.apache.ibatis.session.defaults.DefaultSqlSession@f9cc4f0]
2017-04-25 16:51:15,603 DEBUG org.mybatis.spring.SqlSessionUtils$SqlSessionSynchronization (afterCompletion:301) [http-bio-8787-exec-5] - Transaction synchronization closing SqlSession [org.apache.ibatis.session.defaults.DefaultSqlSession@f9cc4f0]
2017-04-25 16:51:54,777 DEBUG org.mybatis.spring.SqlSessionUtils (getSqlSession:109) [http-bio-8787-exec-9] - Creating a new SqlSession
2017-04-25 16:51:54,778 DEBUG org.mybatis.spring.SqlSessionUtils (getSqlSession:125) [http-bio-8787-exec-9] - Registering transaction synchronization for SqlSession [org.apache.ibatis.session.defaults.DefaultSqlSession@b93c864]
2017-04-25 16:51:54,779 DEBUG org.mybatis.spring.transaction.SpringManagedTransaction (openConnection:88) [http-bio-8787-exec-9] - JDBC Connection [jdbc:mysql://localhost:3306/kovka?useUnicode=yes&autoReconnect=true&characterEncoding=UTF8, UserName=root@localhost, MySQL-AB JDBC Driver] will be managed by Spring
2017-04-25 16:51:54,780 DEBUG org.apache.ibatis.logging.jdbc.BaseJdbcLogger (debug:142) [http-bio-8787-exec-9] - ==>  Preparing: SELECT s.*, si.`id` `info_id`, si.`sketch_id` `sketch_id`, si.`lang` `lang`, si.`name` `name`, si.`short_desc` `short_desc`, si.`title` `title`, si.`description` `description` FROM sketch s, sketch_info si WHERE si.sketch_id = s.id 
2017-04-25 16:51:54,780 DEBUG org.apache.ibatis.logging.jdbc.BaseJdbcLogger (debug:142) [http-bio-8787-exec-9] - ==> Parameters: 
2017-04-25 16:51:54,782 DEBUG org.apache.ibatis.logging.jdbc.BaseJdbcLogger (debug:142) [http-bio-8787-exec-9] - ====>  Preparing: SELECT * FROM f_data WHERE id = ? 
2017-04-25 16:51:54,783 DEBUG org.apache.ibatis.logging.jdbc.BaseJdbcLogger (debug:142) [http-bio-8787-exec-9] - ====> Parameters: 1(Long)
2017-04-25 16:51:54,785 DEBUG org.apache.ibatis.logging.jdbc.BaseJdbcLogger (debug:142) [http-bio-8787-exec-9] - <====      Total: 1
2017-04-25 16:51:54,788 DEBUG org.apache.ibatis.logging.jdbc.BaseJdbcLogger (debug:142) [http-bio-8787-exec-9] - ====>  Preparing: SELECT * FROM f_data WHERE id = ? 
2017-04-25 16:51:54,789 DEBUG org.apache.ibatis.logging.jdbc.BaseJdbcLogger (debug:142) [http-bio-8787-exec-9] - ====> Parameters: 11(Long)
2017-04-25 16:51:54,790 DEBUG org.apache.ibatis.logging.jdbc.BaseJdbcLogger (debug:142) [http-bio-8787-exec-9] - <====      Total: 1
2017-04-25 16:51:54,792 DEBUG org.apache.ibatis.logging.jdbc.BaseJdbcLogger (debug:142) [http-bio-8787-exec-9] - <==      Total: 8
2017-04-25 16:51:54,793 DEBUG org.mybatis.spring.SqlSessionUtils (closeSqlSession:168) [http-bio-8787-exec-9] - Releasing transactional SqlSession [org.apache.ibatis.session.defaults.DefaultSqlSession@b93c864]
2017-04-25 16:51:54,794 DEBUG org.mybatis.spring.SqlSessionUtils$SqlSessionSynchronization (afterCompletion:280) [http-bio-8787-exec-9] - Transaction synchronization committing SqlSession [org.apache.ibatis.session.defaults.DefaultSqlSession@b93c864]
2017-04-25 16:51:54,795 DEBUG org.mybatis.spring.SqlSessionUtils$SqlSessionSynchronization (afterCompletion:301) [http-bio-8787-exec-9] - Transaction synchronization closing SqlSession [org.apache.ibatis.session.defaults.DefaultSqlSession@b93c864]
2017-04-25 16:52:12,290 DEBUG org.mybatis.spring.SqlSessionUtils (getSqlSession:109) [http-bio-8787-exec-5] - Creating a new SqlSession
2017-04-25 16:52:12,290 DEBUG org.mybatis.spring.SqlSessionUtils (getSqlSession:125) [http-bio-8787-exec-5] - Registering transaction synchronization for SqlSession [org.apache.ibatis.session.defaults.DefaultSqlSession@7669395f]
2017-04-25 16:52:12,292 DEBUG org.mybatis.spring.transaction.SpringManagedTransaction (openConnection:88) [http-bio-8787-exec-5] - JDBC Connection [jdbc:mysql://localhost:3306/kovka?useUnicode=yes&autoReconnect=true&characterEncoding=UTF8, UserName=root@localhost, MySQL-AB JDBC Driver] will be managed by Spring
2017-04-25 16:52:12,292 DEBUG org.apache.ibatis.logging.jdbc.BaseJdbcLogger (debug:142) [http-bio-8787-exec-5] - ==>  Preparing: SELECT s.*, si.`id` `info_id`, si.`sketch_id` `sketch_id`, si.`lang` `lang`, si.`name` `name`, si.`short_desc` `short_desc`, si.`title` `title`, si.`description` `description` FROM sketch s, sketch_info si WHERE si.sketch_id = s.id 
2017-04-25 16:52:12,293 DEBUG org.apache.ibatis.logging.jdbc.BaseJdbcLogger (debug:142) [http-bio-8787-exec-5] - ==> Parameters: 
2017-04-25 16:52:12,295 DEBUG org.apache.ibatis.logging.jdbc.BaseJdbcLogger (debug:142) [http-bio-8787-exec-5] - ====>  Preparing: SELECT * FROM f_data WHERE id = ? 
2017-04-25 16:52:12,295 DEBUG org.apache.ibatis.logging.jdbc.BaseJdbcLogger (debug:142) [http-bio-8787-exec-5] - ====> Parameters: 1(Long)
2017-04-25 16:52:12,297 DEBUG org.apache.ibatis.logging.jdbc.BaseJdbcLogger (debug:142) [http-bio-8787-exec-5] - <====      Total: 1
2017-04-25 16:52:12,299 DEBUG org.apache.ibatis.logging.jdbc.BaseJdbcLogger (debug:142) [http-bio-8787-exec-5] - ====>  Preparing: SELECT * FROM f_data WHERE id = ? 
2017-04-25 16:52:12,301 DEBUG org.apache.ibatis.logging.jdbc.BaseJdbcLogger (debug:142) [http-bio-8787-exec-5] - ====> Parameters: 11(Long)
2017-04-25 16:52:12,303 DEBUG org.apache.ibatis.logging.jdbc.BaseJdbcLogger (debug:142) [http-bio-8787-exec-5] - <====      Total: 1
2017-04-25 16:52:12,306 DEBUG org.apache.ibatis.logging.jdbc.BaseJdbcLogger (debug:142) [http-bio-8787-exec-5] - <==      Total: 8
2017-04-25 16:52:12,307 DEBUG org.mybatis.spring.SqlSessionUtils (closeSqlSession:168) [http-bio-8787-exec-5] - Releasing transactional SqlSession [org.apache.ibatis.session.defaults.DefaultSqlSession@7669395f]
2017-04-25 16:52:12,308 DEBUG org.mybatis.spring.SqlSessionUtils$SqlSessionSynchronization (afterCompletion:280) [http-bio-8787-exec-5] - Transaction synchronization committing SqlSession [org.apache.ibatis.session.defaults.DefaultSqlSession@7669395f]
2017-04-25 16:52:12,308 DEBUG org.mybatis.spring.SqlSessionUtils$SqlSessionSynchronization (afterCompletion:301) [http-bio-8787-exec-5] - Transaction synchronization closing SqlSession [org.apache.ibatis.session.defaults.DefaultSqlSession@7669395f]
2017-04-25 16:52:37,747 DEBUG org.mybatis.spring.SqlSessionUtils (getSqlSession:109) [http-bio-8787-exec-7] - Creating a new SqlSession
2017-04-25 16:52:37,747 DEBUG org.mybatis.spring.SqlSessionUtils (getSqlSession:125) [http-bio-8787-exec-7] - Registering transaction synchronization for SqlSession [org.apache.ibatis.session.defaults.DefaultSqlSession@78b4ca2d]
2017-04-25 16:52:37,749 DEBUG org.mybatis.spring.transaction.SpringManagedTransaction (openConnection:88) [http-bio-8787-exec-7] - JDBC Connection [jdbc:mysql://localhost:3306/kovka?useUnicode=yes&autoReconnect=true&characterEncoding=UTF8, UserName=root@localhost, MySQL-AB JDBC Driver] will be managed by Spring
2017-04-25 16:52:37,749 DEBUG org.apache.ibatis.logging.jdbc.BaseJdbcLogger (debug:142) [http-bio-8787-exec-7] - ==>  Preparing: SELECT s.*, si.`id` `info_id`, si.`sketch_id` `sketch_id`, si.`lang` `lang`, si.`name` `name`, si.`short_desc` `short_desc`, si.`title` `title`, si.`description` `description` FROM sketch s, sketch_info si WHERE si.sketch_id = s.id 
2017-04-25 16:52:37,750 DEBUG org.apache.ibatis.logging.jdbc.BaseJdbcLogger (debug:142) [http-bio-8787-exec-7] - ==> Parameters: 
2017-04-25 16:52:37,754 DEBUG org.apache.ibatis.logging.jdbc.BaseJdbcLogger (debug:142) [http-bio-8787-exec-7] - ====>  Preparing: SELECT * FROM f_data WHERE id = ? 
2017-04-25 16:52:37,757 DEBUG org.apache.ibatis.logging.jdbc.BaseJdbcLogger (debug:142) [http-bio-8787-exec-7] - ====> Parameters: 1(Long)
2017-04-25 16:52:37,760 DEBUG org.apache.ibatis.logging.jdbc.BaseJdbcLogger (debug:142) [http-bio-8787-exec-7] - <====      Total: 1
2017-04-25 16:52:37,762 DEBUG org.apache.ibatis.logging.jdbc.BaseJdbcLogger (debug:142) [http-bio-8787-exec-7] - ====>  Preparing: SELECT * FROM f_data WHERE id = ? 
2017-04-25 16:52:37,763 DEBUG org.apache.ibatis.logging.jdbc.BaseJdbcLogger (debug:142) [http-bio-8787-exec-7] - ====> Parameters: 11(Long)
2017-04-25 16:52:37,764 DEBUG org.apache.ibatis.logging.jdbc.BaseJdbcLogger (debug:142) [http-bio-8787-exec-7] - <====      Total: 1
2017-04-25 16:52:37,770 DEBUG org.apache.ibatis.logging.jdbc.BaseJdbcLogger (debug:142) [http-bio-8787-exec-7] - <==      Total: 8
2017-04-25 16:52:37,772 DEBUG org.mybatis.spring.SqlSessionUtils (closeSqlSession:168) [http-bio-8787-exec-7] - Releasing transactional SqlSession [org.apache.ibatis.session.defaults.DefaultSqlSession@78b4ca2d]
2017-04-25 16:52:37,773 DEBUG org.mybatis.spring.SqlSessionUtils$SqlSessionSynchronization (afterCompletion:280) [http-bio-8787-exec-7] - Transaction synchronization committing SqlSession [org.apache.ibatis.session.defaults.DefaultSqlSession@78b4ca2d]
2017-04-25 16:52:37,774 DEBUG org.mybatis.spring.SqlSessionUtils$SqlSessionSynchronization (afterCompletion:301) [http-bio-8787-exec-7] - Transaction synchronization closing SqlSession [org.apache.ibatis.session.defaults.DefaultSqlSession@78b4ca2d]
2017-04-25 16:53:16,884 DEBUG org.mybatis.spring.SqlSessionUtils (getSqlSession:109) [http-bio-8787-exec-4] - Creating a new SqlSession
2017-04-25 16:53:16,885 DEBUG org.mybatis.spring.SqlSessionUtils (getSqlSession:125) [http-bio-8787-exec-4] - Registering transaction synchronization for SqlSession [org.apache.ibatis.session.defaults.DefaultSqlSession@6b0c7d7]
2017-04-25 16:53:16,886 DEBUG org.mybatis.spring.transaction.SpringManagedTransaction (openConnection:88) [http-bio-8787-exec-4] - JDBC Connection [jdbc:mysql://localhost:3306/kovka?useUnicode=yes&autoReconnect=true&characterEncoding=UTF8, UserName=root@localhost, MySQL-AB JDBC Driver] will be managed by Spring
2017-04-25 16:53:16,886 DEBUG org.apache.ibatis.logging.jdbc.BaseJdbcLogger (debug:142) [http-bio-8787-exec-4] - ==>  Preparing: SELECT s.*, si.`id` `info_id`, si.`sketch_id` `sketch_id`, si.`lang` `lang`, si.`name` `name`, si.`short_desc` `short_desc`, si.`title` `title`, si.`description` `description` FROM sketch s, sketch_info si WHERE si.sketch_id = s.id 
2017-04-25 16:53:16,887 DEBUG org.apache.ibatis.logging.jdbc.BaseJdbcLogger (debug:142) [http-bio-8787-exec-4] - ==> Parameters: 
2017-04-25 16:53:16,889 DEBUG org.apache.ibatis.logging.jdbc.BaseJdbcLogger (debug:142) [http-bio-8787-exec-4] - ====>  Preparing: SELECT * FROM f_data WHERE id = ? 
2017-04-25 16:53:16,890 DEBUG org.apache.ibatis.logging.jdbc.BaseJdbcLogger (debug:142) [http-bio-8787-exec-4] - ====> Parameters: 1(Long)
2017-04-25 16:53:16,891 DEBUG org.apache.ibatis.logging.jdbc.BaseJdbcLogger (debug:142) [http-bio-8787-exec-4] - <====      Total: 1
2017-04-25 16:53:16,894 DEBUG org.apache.ibatis.logging.jdbc.BaseJdbcLogger (debug:142) [http-bio-8787-exec-4] - ====>  Preparing: SELECT * FROM f_data WHERE id = ? 
2017-04-25 16:53:16,895 DEBUG org.apache.ibatis.logging.jdbc.BaseJdbcLogger (debug:142) [http-bio-8787-exec-4] - ====> Parameters: 11(Long)
2017-04-25 16:53:16,897 DEBUG org.apache.ibatis.logging.jdbc.BaseJdbcLogger (debug:142) [http-bio-8787-exec-4] - <====      Total: 1
2017-04-25 16:53:16,899 DEBUG org.apache.ibatis.logging.jdbc.BaseJdbcLogger (debug:142) [http-bio-8787-exec-4] - <==      Total: 8
2017-04-25 16:53:16,900 DEBUG org.mybatis.spring.SqlSessionUtils (closeSqlSession:168) [http-bio-8787-exec-4] - Releasing transactional SqlSession [org.apache.ibatis.session.defaults.DefaultSqlSession@6b0c7d7]
2017-04-25 16:53:16,901 DEBUG org.mybatis.spring.SqlSessionUtils$SqlSessionSynchronization (afterCompletion:280) [http-bio-8787-exec-4] - Transaction synchronization committing SqlSession [org.apache.ibatis.session.defaults.DefaultSqlSession@6b0c7d7]
2017-04-25 16:53:16,901 DEBUG org.mybatis.spring.SqlSessionUtils$SqlSessionSynchronization (afterCompletion:301) [http-bio-8787-exec-4] - Transaction synchronization closing SqlSession [org.apache.ibatis.session.defaults.DefaultSqlSession@6b0c7d7]
2017-04-25 16:54:01,701 DEBUG org.mybatis.spring.SqlSessionUtils (getSqlSession:109) [http-bio-8787-exec-8] - Creating a new SqlSession
2017-04-25 16:54:01,702 DEBUG org.mybatis.spring.SqlSessionUtils (getSqlSession:125) [http-bio-8787-exec-8] - Registering transaction synchronization for SqlSession [org.apache.ibatis.session.defaults.DefaultSqlSession@3523a81e]
2017-04-25 16:54:01,703 DEBUG org.mybatis.spring.transaction.SpringManagedTransaction (openConnection:88) [http-bio-8787-exec-8] - JDBC Connection [jdbc:mysql://localhost:3306/kovka?useUnicode=yes&autoReconnect=true&characterEncoding=UTF8, UserName=root@localhost, MySQL-AB JDBC Driver] will be managed by Spring
2017-04-25 16:54:01,704 DEBUG org.apache.ibatis.logging.jdbc.BaseJdbcLogger (debug:142) [http-bio-8787-exec-8] - ==>  Preparing: SELECT s.*, si.`id` `info_id`, si.`sketch_id` `sketch_id`, si.`lang` `lang`, si.`name` `name`, si.`short_desc` `short_desc`, si.`title` `title`, si.`description` `description` FROM sketch s, sketch_info si WHERE si.sketch_id = s.id 
2017-04-25 16:54:01,705 DEBUG org.apache.ibatis.logging.jdbc.BaseJdbcLogger (debug:142) [http-bio-8787-exec-8] - ==> Parameters: 
2017-04-25 16:54:01,707 DEBUG org.apache.ibatis.logging.jdbc.BaseJdbcLogger (debug:142) [http-bio-8787-exec-8] - ====>  Preparing: SELECT * FROM f_data WHERE id = ? 
2017-04-25 16:54:01,708 DEBUG org.apache.ibatis.logging.jdbc.BaseJdbcLogger (debug:142) [http-bio-8787-exec-8] - ====> Parameters: 1(Long)
2017-04-25 16:54:01,710 DEBUG org.apache.ibatis.logging.jdbc.BaseJdbcLogger (debug:142) [http-bio-8787-exec-8] - <====      Total: 1
2017-04-25 16:54:01,712 DEBUG org.apache.ibatis.logging.jdbc.BaseJdbcLogger (debug:142) [http-bio-8787-exec-8] - ====>  Preparing: SELECT * FROM f_data WHERE id = ? 
2017-04-25 16:54:01,713 DEBUG org.apache.ibatis.logging.jdbc.BaseJdbcLogger (debug:142) [http-bio-8787-exec-8] - ====> Parameters: 11(Long)
2017-04-25 16:54:01,715 DEBUG org.apache.ibatis.logging.jdbc.BaseJdbcLogger (debug:142) [http-bio-8787-exec-8] - <====      Total: 1
2017-04-25 16:54:01,722 DEBUG org.apache.ibatis.logging.jdbc.BaseJdbcLogger (debug:142) [http-bio-8787-exec-8] - <==      Total: 8
2017-04-25 16:54:01,724 DEBUG org.mybatis.spring.SqlSessionUtils (closeSqlSession:168) [http-bio-8787-exec-8] - Releasing transactional SqlSession [org.apache.ibatis.session.defaults.DefaultSqlSession@3523a81e]
2017-04-25 16:54:01,725 DEBUG org.mybatis.spring.SqlSessionUtils$SqlSessionSynchronization (afterCompletion:280) [http-bio-8787-exec-8] - Transaction synchronization committing SqlSession [org.apache.ibatis.session.defaults.DefaultSqlSession@3523a81e]
2017-04-25 16:54:01,725 DEBUG org.mybatis.spring.SqlSessionUtils$SqlSessionSynchronization (afterCompletion:301) [http-bio-8787-exec-8] - Transaction synchronization closing SqlSession [org.apache.ibatis.session.defaults.DefaultSqlSession@3523a81e]
2017-04-25 16:54:18,261 DEBUG org.mybatis.spring.SqlSessionUtils (getSqlSession:109) [http-bio-8787-exec-8] - Creating a new SqlSession
2017-04-25 16:54:18,262 DEBUG org.mybatis.spring.SqlSessionUtils (getSqlSession:125) [http-bio-8787-exec-8] - Registering transaction synchronization for SqlSession [org.apache.ibatis.session.defaults.DefaultSqlSession@606c3a91]
2017-04-25 16:54:18,263 DEBUG org.mybatis.spring.transaction.SpringManagedTransaction (openConnection:88) [http-bio-8787-exec-8] - JDBC Connection [jdbc:mysql://localhost:3306/kovka?useUnicode=yes&autoReconnect=true&characterEncoding=UTF8, UserName=root@localhost, MySQL-AB JDBC Driver] will be managed by Spring
2017-04-25 16:54:18,263 DEBUG org.apache.ibatis.logging.jdbc.BaseJdbcLogger (debug:142) [http-bio-8787-exec-8] - ==>  Preparing: SELECT s.*, si.`id` `info_id`, si.`sketch_id` `sketch_id`, si.`lang` `lang`, si.`name` `name`, si.`short_desc` `short_desc`, si.`title` `title`, si.`description` `description` FROM sketch s, sketch_info si WHERE si.sketch_id = s.id 
2017-04-25 16:54:18,264 DEBUG org.apache.ibatis.logging.jdbc.BaseJdbcLogger (debug:142) [http-bio-8787-exec-8] - ==> Parameters: 
2017-04-25 16:54:18,267 DEBUG org.apache.ibatis.logging.jdbc.BaseJdbcLogger (debug:142) [http-bio-8787-exec-8] - ====>  Preparing: SELECT * FROM f_data WHERE id = ? 
2017-04-25 16:54:18,268 DEBUG org.apache.ibatis.logging.jdbc.BaseJdbcLogger (debug:142) [http-bio-8787-exec-8] - ====> Parameters: 1(Long)
2017-04-25 16:54:18,269 DEBUG org.apache.ibatis.logging.jdbc.BaseJdbcLogger (debug:142) [http-bio-8787-exec-8] - <====      Total: 1
2017-04-25 16:54:18,272 DEBUG org.apache.ibatis.logging.jdbc.BaseJdbcLogger (debug:142) [http-bio-8787-exec-8] - ====>  Preparing: SELECT * FROM f_data WHERE id = ? 
2017-04-25 16:54:18,273 DEBUG org.apache.ibatis.logging.jdbc.BaseJdbcLogger (debug:142) [http-bio-8787-exec-8] - ====> Parameters: 11(Long)
2017-04-25 16:54:18,274 DEBUG org.apache.ibatis.logging.jdbc.BaseJdbcLogger (debug:142) [http-bio-8787-exec-8] - <====      Total: 1
2017-04-25 16:54:18,276 DEBUG org.apache.ibatis.logging.jdbc.BaseJdbcLogger (debug:142) [http-bio-8787-exec-8] - <==      Total: 8
2017-04-25 16:54:18,276 DEBUG org.mybatis.spring.SqlSessionUtils (closeSqlSession:168) [http-bio-8787-exec-8] - Releasing transactional SqlSession [org.apache.ibatis.session.defaults.DefaultSqlSession@606c3a91]
2017-04-25 16:54:18,278 DEBUG org.mybatis.spring.SqlSessionUtils$SqlSessionSynchronization (afterCompletion:280) [http-bio-8787-exec-8] - Transaction synchronization committing SqlSession [org.apache.ibatis.session.defaults.DefaultSqlSession@606c3a91]
2017-04-25 16:54:18,278 DEBUG org.mybatis.spring.SqlSessionUtils$SqlSessionSynchronization (afterCompletion:301) [http-bio-8787-exec-8] - Transaction synchronization closing SqlSession [org.apache.ibatis.session.defaults.DefaultSqlSession@606c3a91]
2017-04-25 16:55:00,873 DEBUG org.mybatis.spring.SqlSessionUtils (getSqlSession:109) [http-bio-8787-exec-7] - Creating a new SqlSession
2017-04-25 16:55:00,873 DEBUG org.mybatis.spring.SqlSessionUtils (getSqlSession:125) [http-bio-8787-exec-7] - Registering transaction synchronization for SqlSession [org.apache.ibatis.session.defaults.DefaultSqlSession@65d9d026]
2017-04-25 16:55:00,874 DEBUG org.mybatis.spring.transaction.SpringManagedTransaction (openConnection:88) [http-bio-8787-exec-7] - JDBC Connection [jdbc:mysql://localhost:3306/kovka?useUnicode=yes&autoReconnect=true&characterEncoding=UTF8, UserName=root@localhost, MySQL-AB JDBC Driver] will be managed by Spring
2017-04-25 16:55:00,875 DEBUG org.apache.ibatis.logging.jdbc.BaseJdbcLogger (debug:142) [http-bio-8787-exec-7] - ==>  Preparing: SELECT s.*, si.`id` `info_id`, si.`sketch_id` `sketch_id`, si.`lang` `lang`, si.`name` `name`, si.`short_desc` `short_desc`, si.`title` `title`, si.`description` `description` FROM sketch s, sketch_info si WHERE si.sketch_id = s.id 
2017-04-25 16:55:00,876 DEBUG org.apache.ibatis.logging.jdbc.BaseJdbcLogger (debug:142) [http-bio-8787-exec-7] - ==> Parameters: 
2017-04-25 16:55:00,878 DEBUG org.apache.ibatis.logging.jdbc.BaseJdbcLogger (debug:142) [http-bio-8787-exec-7] - ====>  Preparing: SELECT * FROM f_data WHERE id = ? 
2017-04-25 16:55:00,879 DEBUG org.apache.ibatis.logging.jdbc.BaseJdbcLogger (debug:142) [http-bio-8787-exec-7] - ====> Parameters: 1(Long)
2017-04-25 16:55:00,880 DEBUG org.apache.ibatis.logging.jdbc.BaseJdbcLogger (debug:142) [http-bio-8787-exec-7] - <====      Total: 1
2017-04-25 16:55:00,883 DEBUG org.apache.ibatis.logging.jdbc.BaseJdbcLogger (debug:142) [http-bio-8787-exec-7] - ====>  Preparing: SELECT * FROM f_data WHERE id = ? 
2017-04-25 16:55:00,884 DEBUG org.apache.ibatis.logging.jdbc.BaseJdbcLogger (debug:142) [http-bio-8787-exec-7] - ====> Parameters: 11(Long)
2017-04-25 16:55:00,888 DEBUG org.apache.ibatis.logging.jdbc.BaseJdbcLogger (debug:142) [http-bio-8787-exec-7] - <====      Total: 1
2017-04-25 16:55:00,890 DEBUG org.apache.ibatis.logging.jdbc.BaseJdbcLogger (debug:142) [http-bio-8787-exec-7] - <==      Total: 8
2017-04-25 16:55:00,891 DEBUG org.mybatis.spring.SqlSessionUtils (closeSqlSession:168) [http-bio-8787-exec-7] - Releasing transactional SqlSession [org.apache.ibatis.session.defaults.DefaultSqlSession@65d9d026]
2017-04-25 16:55:00,892 DEBUG org.mybatis.spring.SqlSessionUtils$SqlSessionSynchronization (afterCompletion:280) [http-bio-8787-exec-7] - Transaction synchronization committing SqlSession [org.apache.ibatis.session.defaults.DefaultSqlSession@65d9d026]
2017-04-25 16:55:00,893 DEBUG org.mybatis.spring.SqlSessionUtils$SqlSessionSynchronization (afterCompletion:301) [http-bio-8787-exec-7] - Transaction synchronization closing SqlSession [org.apache.ibatis.session.defaults.DefaultSqlSession@65d9d026]
2017-04-25 16:56:34,489 DEBUG org.mybatis.spring.SqlSessionUtils (getSqlSession:109) [http-bio-8787-exec-3] - Creating a new SqlSession
2017-04-25 16:56:34,490 DEBUG org.mybatis.spring.SqlSessionUtils (getSqlSession:125) [http-bio-8787-exec-3] - Registering transaction synchronization for SqlSession [org.apache.ibatis.session.defaults.DefaultSqlSession@420b6299]
2017-04-25 16:56:34,494 DEBUG org.mybatis.spring.transaction.SpringManagedTransaction (openConnection:88) [http-bio-8787-exec-3] - JDBC Connection [jdbc:mysql://localhost:3306/kovka?useUnicode=yes&autoReconnect=true&characterEncoding=UTF8, UserName=root@localhost, MySQL-AB JDBC Driver] will be managed by Spring
2017-04-25 16:56:34,494 DEBUG org.apache.ibatis.logging.jdbc.BaseJdbcLogger (debug:142) [http-bio-8787-exec-3] - ==>  Preparing: SELECT s.*, si.`id` `info_id`, si.`sketch_id` `sketch_id`, si.`lang` `lang`, si.`name` `name`, si.`short_desc` `short_desc`, si.`title` `title`, si.`description` `description` FROM sketch s, sketch_info si WHERE si.sketch_id = s.id 
2017-04-25 16:56:34,495 DEBUG org.apache.ibatis.logging.jdbc.BaseJdbcLogger (debug:142) [http-bio-8787-exec-3] - ==> Parameters: 
2017-04-25 16:56:34,501 DEBUG org.apache.ibatis.logging.jdbc.BaseJdbcLogger (debug:142) [http-bio-8787-exec-3] - ====>  Preparing: SELECT * FROM f_data WHERE id = ? 
2017-04-25 16:56:34,504 DEBUG org.apache.ibatis.logging.jdbc.BaseJdbcLogger (debug:142) [http-bio-8787-exec-3] - ====> Parameters: 1(Long)
2017-04-25 16:56:34,508 DEBUG org.apache.ibatis.logging.jdbc.BaseJdbcLogger (debug:142) [http-bio-8787-exec-3] - <====      Total: 1
2017-04-25 16:56:34,509 DEBUG org.apache.ibatis.logging.jdbc.BaseJdbcLogger (debug:142) [http-bio-8787-exec-3] - ====>  Preparing: SELECT * FROM f_data WHERE id = ? 
2017-04-25 16:56:34,510 DEBUG org.apache.ibatis.logging.jdbc.BaseJdbcLogger (debug:142) [http-bio-8787-exec-3] - ====> Parameters: 11(Long)
2017-04-25 16:56:34,515 DEBUG org.apache.ibatis.logging.jdbc.BaseJdbcLogger (debug:142) [http-bio-8787-exec-3] - <====      Total: 1
2017-04-25 16:56:34,518 DEBUG org.apache.ibatis.logging.jdbc.BaseJdbcLogger (debug:142) [http-bio-8787-exec-3] - <==      Total: 8
2017-04-25 16:56:34,519 DEBUG org.mybatis.spring.SqlSessionUtils (closeSqlSession:168) [http-bio-8787-exec-3] - Releasing transactional SqlSession [org.apache.ibatis.session.defaults.DefaultSqlSession@420b6299]
2017-04-25 16:56:34,521 DEBUG org.mybatis.spring.SqlSessionUtils$SqlSessionSynchronization (afterCompletion:280) [http-bio-8787-exec-3] - Transaction synchronization committing SqlSession [org.apache.ibatis.session.defaults.DefaultSqlSession@420b6299]
2017-04-25 16:56:34,522 DEBUG org.mybatis.spring.SqlSessionUtils$SqlSessionSynchronization (afterCompletion:301) [http-bio-8787-exec-3] - Transaction synchronization closing SqlSession [org.apache.ibatis.session.defaults.DefaultSqlSession@420b6299]
2017-04-25 16:58:10,431 DEBUG org.mybatis.spring.SqlSessionUtils (getSqlSession:109) [http-bio-8787-exec-3] - Creating a new SqlSession
2017-04-25 16:58:10,432 DEBUG org.mybatis.spring.SqlSessionUtils (getSqlSession:125) [http-bio-8787-exec-3] - Registering transaction synchronization for SqlSession [org.apache.ibatis.session.defaults.DefaultSqlSession@6ea52fba]
2017-04-25 16:58:10,433 DEBUG org.mybatis.spring.transaction.SpringManagedTransaction (openConnection:88) [http-bio-8787-exec-3] - JDBC Connection [jdbc:mysql://localhost:3306/kovka?useUnicode=yes&autoReconnect=true&characterEncoding=UTF8, UserName=root@localhost, MySQL-AB JDBC Driver] will be managed by Spring
2017-04-25 16:58:10,433 DEBUG org.apache.ibatis.logging.jdbc.BaseJdbcLogger (debug:142) [http-bio-8787-exec-3] - ==>  Preparing: SELECT s.*, si.`id` `info_id`, si.`sketch_id` `sketch_id`, si.`lang` `lang`, si.`name` `name`, si.`short_desc` `short_desc`, si.`title` `title`, si.`description` `description` FROM sketch s, sketch_info si WHERE si.sketch_id = s.id 
2017-04-25 16:58:10,434 DEBUG org.apache.ibatis.logging.jdbc.BaseJdbcLogger (debug:142) [http-bio-8787-exec-3] - ==> Parameters: 
2017-04-25 16:58:10,436 DEBUG org.apache.ibatis.logging.jdbc.BaseJdbcLogger (debug:142) [http-bio-8787-exec-3] - ====>  Preparing: SELECT * FROM f_data WHERE id = ? 
2017-04-25 16:58:10,437 DEBUG org.apache.ibatis.logging.jdbc.BaseJdbcLogger (debug:142) [http-bio-8787-exec-3] - ====> Parameters: 1(Long)
2017-04-25 16:58:10,438 DEBUG org.apache.ibatis.logging.jdbc.BaseJdbcLogger (debug:142) [http-bio-8787-exec-3] - <====      Total: 1
2017-04-25 16:58:10,440 DEBUG org.apache.ibatis.logging.jdbc.BaseJdbcLogger (debug:142) [http-bio-8787-exec-3] - ====>  Preparing: SELECT * FROM f_data WHERE id = ? 
2017-04-25 16:58:10,441 DEBUG org.apache.ibatis.logging.jdbc.BaseJdbcLogger (debug:142) [http-bio-8787-exec-3] - ====> Parameters: 11(Long)
2017-04-25 16:58:10,443 DEBUG org.apache.ibatis.logging.jdbc.BaseJdbcLogger (debug:142) [http-bio-8787-exec-3] - <====      Total: 1
2017-04-25 16:58:10,445 DEBUG org.apache.ibatis.logging.jdbc.BaseJdbcLogger (debug:142) [http-bio-8787-exec-3] - <==      Total: 8
2017-04-25 16:58:10,446 DEBUG org.mybatis.spring.SqlSessionUtils (closeSqlSession:168) [http-bio-8787-exec-3] - Releasing transactional SqlSession [org.apache.ibatis.session.defaults.DefaultSqlSession@6ea52fba]
2017-04-25 16:58:10,447 DEBUG org.mybatis.spring.SqlSessionUtils$SqlSessionSynchronization (afterCompletion:280) [http-bio-8787-exec-3] - Transaction synchronization committing SqlSession [org.apache.ibatis.session.defaults.DefaultSqlSession@6ea52fba]
2017-04-25 16:58:10,447 DEBUG org.mybatis.spring.SqlSessionUtils$SqlSessionSynchronization (afterCompletion:301) [http-bio-8787-exec-3] - Transaction synchronization closing SqlSession [org.apache.ibatis.session.defaults.DefaultSqlSession@6ea52fba]
2017-04-25 16:58:28,529 DEBUG org.mybatis.spring.SqlSessionUtils (getSqlSession:109) [http-bio-8787-exec-4] - Creating a new SqlSession
2017-04-25 16:58:28,530 DEBUG org.mybatis.spring.SqlSessionUtils (getSqlSession:125) [http-bio-8787-exec-4] - Registering transaction synchronization for SqlSession [org.apache.ibatis.session.defaults.DefaultSqlSession@5439fd64]
2017-04-25 16:58:28,531 DEBUG org.mybatis.spring.transaction.SpringManagedTransaction (openConnection:88) [http-bio-8787-exec-4] - JDBC Connection [jdbc:mysql://localhost:3306/kovka?useUnicode=yes&autoReconnect=true&characterEncoding=UTF8, UserName=root@localhost, MySQL-AB JDBC Driver] will be managed by Spring
2017-04-25 16:58:28,532 DEBUG org.apache.ibatis.logging.jdbc.BaseJdbcLogger (debug:142) [http-bio-8787-exec-4] - ==>  Preparing: SELECT s.*, si.`id` `info_id`, si.`sketch_id` `sketch_id`, si.`lang` `lang`, si.`name` `name`, si.`short_desc` `short_desc`, si.`title` `title`, si.`description` `description` FROM sketch s, sketch_info si WHERE si.sketch_id = s.id 
2017-04-25 16:58:28,533 DEBUG org.apache.ibatis.logging.jdbc.BaseJdbcLogger (debug:142) [http-bio-8787-exec-4] - ==> Parameters: 
2017-04-25 16:58:28,535 DEBUG org.apache.ibatis.logging.jdbc.BaseJdbcLogger (debug:142) [http-bio-8787-exec-4] - ====>  Preparing: SELECT * FROM f_data WHERE id = ? 
2017-04-25 16:58:28,536 DEBUG org.apache.ibatis.logging.jdbc.BaseJdbcLogger (debug:142) [http-bio-8787-exec-4] - ====> Parameters: 1(Long)
2017-04-25 16:58:28,538 DEBUG org.apache.ibatis.logging.jdbc.BaseJdbcLogger (debug:142) [http-bio-8787-exec-4] - <====      Total: 1
2017-04-25 16:58:28,540 DEBUG org.apache.ibatis.logging.jdbc.BaseJdbcLogger (debug:142) [http-bio-8787-exec-4] - ====>  Preparing: SELECT * FROM f_data WHERE id = ? 
2017-04-25 16:58:28,541 DEBUG org.apache.ibatis.logging.jdbc.BaseJdbcLogger (debug:142) [http-bio-8787-exec-4] - ====> Parameters: 11(Long)
2017-04-25 16:58:28,543 DEBUG org.apache.ibatis.logging.jdbc.BaseJdbcLogger (debug:142) [http-bio-8787-exec-4] - <====      Total: 1
2017-04-25 16:58:28,545 DEBUG org.apache.ibatis.logging.jdbc.BaseJdbcLogger (debug:142) [http-bio-8787-exec-4] - <==      Total: 8
2017-04-25 16:58:28,546 DEBUG org.mybatis.spring.SqlSessionUtils (closeSqlSession:168) [http-bio-8787-exec-4] - Releasing transactional SqlSession [org.apache.ibatis.session.defaults.DefaultSqlSession@5439fd64]
2017-04-25 16:58:28,547 DEBUG org.mybatis.spring.SqlSessionUtils$SqlSessionSynchronization (afterCompletion:280) [http-bio-8787-exec-4] - Transaction synchronization committing SqlSession [org.apache.ibatis.session.defaults.DefaultSqlSession@5439fd64]
2017-04-25 16:58:28,548 DEBUG org.mybatis.spring.SqlSessionUtils$SqlSessionSynchronization (afterCompletion:301) [http-bio-8787-exec-4] - Transaction synchronization closing SqlSession [org.apache.ibatis.session.defaults.DefaultSqlSession@5439fd64]
2017-04-25 16:59:22,004 DEBUG org.mybatis.spring.SqlSessionUtils (getSqlSession:109) [http-bio-8787-exec-7] - Creating a new SqlSession
2017-04-25 16:59:22,005 DEBUG org.mybatis.spring.SqlSessionUtils (getSqlSession:125) [http-bio-8787-exec-7] - Registering transaction synchronization for SqlSession [org.apache.ibatis.session.defaults.DefaultSqlSession@3f1b1fb9]
2017-04-25 16:59:22,007 DEBUG org.mybatis.spring.transaction.SpringManagedTransaction (openConnection:88) [http-bio-8787-exec-7] - JDBC Connection [jdbc:mysql://localhost:3306/kovka?useUnicode=yes&autoReconnect=true&characterEncoding=UTF8, UserName=root@localhost, MySQL-AB JDBC Driver] will be managed by Spring
2017-04-25 16:59:22,008 DEBUG org.apache.ibatis.logging.jdbc.BaseJdbcLogger (debug:142) [http-bio-8787-exec-7] - ==>  Preparing: SELECT s.*, si.`id` `info_id`, si.`sketch_id` `sketch_id`, si.`lang` `lang`, si.`name` `name`, si.`short_desc` `short_desc`, si.`title` `title`, si.`description` `description` FROM sketch s, sketch_info si WHERE si.sketch_id = s.id 
2017-04-25 16:59:22,009 DEBUG org.apache.ibatis.logging.jdbc.BaseJdbcLogger (debug:142) [http-bio-8787-exec-7] - ==> Parameters: 
2017-04-25 16:59:22,010 DEBUG org.apache.ibatis.logging.jdbc.BaseJdbcLogger (debug:142) [http-bio-8787-exec-7] - ====>  Preparing: SELECT * FROM f_data WHERE id = ? 
2017-04-25 16:59:22,011 DEBUG org.apache.ibatis.logging.jdbc.BaseJdbcLogger (debug:142) [http-bio-8787-exec-7] - ====> Parameters: 1(Long)
2017-04-25 16:59:22,013 DEBUG org.apache.ibatis.logging.jdbc.BaseJdbcLogger (debug:142) [http-bio-8787-exec-7] - <====      Total: 1
2017-04-25 16:59:22,015 DEBUG org.apache.ibatis.logging.jdbc.BaseJdbcLogger (debug:142) [http-bio-8787-exec-7] - ====>  Preparing: SELECT * FROM f_data WHERE id = ? 
2017-04-25 16:59:22,016 DEBUG org.apache.ibatis.logging.jdbc.BaseJdbcLogger (debug:142) [http-bio-8787-exec-7] - ====> Parameters: 11(Long)
2017-04-25 16:59:22,018 DEBUG org.apache.ibatis.logging.jdbc.BaseJdbcLogger (debug:142) [http-bio-8787-exec-7] - <====      Total: 1
2017-04-25 16:59:22,020 DEBUG org.apache.ibatis.logging.jdbc.BaseJdbcLogger (debug:142) [http-bio-8787-exec-7] - <==      Total: 8
2017-04-25 16:59:22,021 DEBUG org.mybatis.spring.SqlSessionUtils (closeSqlSession:168) [http-bio-8787-exec-7] - Releasing transactional SqlSession [org.apache.ibatis.session.defaults.DefaultSqlSession@3f1b1fb9]
2017-04-25 16:59:22,022 DEBUG org.mybatis.spring.SqlSessionUtils$SqlSessionSynchronization (afterCompletion:280) [http-bio-8787-exec-7] - Transaction synchronization committing SqlSession [org.apache.ibatis.session.defaults.DefaultSqlSession@3f1b1fb9]
2017-04-25 16:59:22,022 DEBUG org.mybatis.spring.SqlSessionUtils$SqlSessionSynchronization (afterCompletion:301) [http-bio-8787-exec-7] - Transaction synchronization closing SqlSession [org.apache.ibatis.session.defaults.DefaultSqlSession@3f1b1fb9]
